2023-04-17T12:21:01+00:00 ERROR Error getting data feed
2023-04-17T12:21:01+00:00 ERROR WP_Error Object
(
    [errors] => Array
        (
            [http_request_failed] => Array
                (
                    [0] => cURL error 28: Resolving timed out after 5008 milliseconds
                )

        )

    [error_data] => Array
        (
        )

    [additional_data:protected] => Array
        (
        )

)

2023-04-17T12:21:06+00:00 ERROR Error getting data feed
2023-04-17T12:21:06+00:00 ERROR WP_Error Object
(
    [errors] => Array
        (
            [http_request_failed] => Array
                (
                    [0] => cURL error 28: Operation timed out after 5010 milliseconds with 0 out of 0 bytes received
                )

        )

    [error_data] => Array
        (
        )

    [additional_data:protected] => Array
        (
        )

)

